<?xml version="1.0" encoding="UTF-8"?>
<!-- Generated by org.testng.reporters.JUnitReportReporter -->
<testsuite skipped="0" hostname="AYK-Think" name="testNGPackA.NewDepositTest" tests="1" failures="0" timestamp="2020-07-13T11:57:09 CDT" time="15.076" errors="0">
  <testcase name="userShouldBeAbleToAddDeposite" time="15.076" classname="testNGPackA.NewDepositTest"/>
  <system-out/>
</testsuite> <!-- testNGPackA.NewDepositTest -->
