<?xml version="1.0" encoding="UTF-8"?>
<!-- Generated by org.testng.reporters.JUnitReportReporter -->
<testsuite skipped="0" hostname="AYK-Think" name="testNGPackA.SelectDropDownTest" tests="1" failures="0" timestamp="2020-07-13T13:28:05 CDT" time="26.778" errors="0">
  <testcase name="HandlingDropDown" time="26.778" classname="testNGPackA.SelectDropDownTest"/>
  <system-out/>
</testsuite> <!-- testNGPackA.SelectDropDownTest -->
